react-blog_system@0.0.1 D:\_Projects\_NodeProj\UTesterCoffee
+-- body-parser@1.17.2
| +-- bytes@2.4.0
| +-- content-type@1.0.2
| +-- debug@2.6.7
| +-- depd@1.1.0
| +-- http-errors@1.6.1
| +-- iconv-lite@0.4.15
| +-- on-finished@2.3.0
| | `-- ee-first@1.1.1
| +-- qs@6.4.0
| +-- raw-body@2.2.0
| | `-- unpipe@1.0.0
| `-- type-is@1.6.15
|   +-- media-typer@0.3.0
|   `-- mime-types@2.1.15
|     `-- mime-db@1.27.0
+-- browserify@14.4.0
| +-- assert@1.4.1
| +-- browser-pack@6.0.2
| | +-- combine-source-map@0.7.2
| | | +-- convert-source-map@1.1.3
| | | +-- inline-source-map@0.6.2
| | | `-- lodash.memoize@3.0.4
| | `-- umd@3.0.1
| +-- browser-resolve@1.11.2
| | `-- resolve@1.1.7
| +-- browserify-zlib@0.1.4
| | `-- pako@0.2.9
| +-- buffer@5.0.6
| | +-- base64-js@1.2.1
| | `-- ieee754@1.1.8
| +-- cached-path-relative@1.0.1
| +-- concat-stream@1.5.2
| | +-- readable-stream@2.0.6
| | | `-- string_decoder@0.10.31
| | `-- typedarray@0.0.6
| +-- console-browserify@1.1.0
| | `-- date-now@0.1.4
| +-- constants-browserify@1.0.0
| +-- crypto-browserify@3.11.1
| | +-- browserify-cipher@1.0.0
| | | +-- browserify-aes@1.0.6
| | | | `-- buffer-xor@1.0.3
| | | +-- browserify-des@1.0.0
| | | | `-- des.js@1.0.0
| | | `-- evp_bytestokey@1.0.0
| | +-- browserify-sign@4.0.4
| | | +-- bn.js@4.11.7
| | | +-- browserify-rsa@4.0.1
| | | +-- elliptic@6.4.0
| | | | +-- brorand@1.1.0
| | | | +-- hash.js@1.1.3
| | | | +-- hmac-drbg@1.0.1
| | | | +-- minimalistic-assert@1.0.0
| | | | `-- minimalistic-crypto-utils@1.0.1
| | | `-- parse-asn1@5.1.0
| | |   `-- asn1.js@4.9.1
| | +-- create-ecdh@4.0.0
| | +-- create-hash@1.1.3
| | | +-- cipher-base@1.0.4
| | | `-- ripemd160@2.0.1
| | |   `-- hash-base@2.0.2
| | +-- create-hmac@1.1.6
| | +-- diffie-hellman@5.0.2
| | | `-- miller-rabin@4.0.0
| | +-- pbkdf2@3.0.12
| | +-- public-encrypt@4.0.0
| | `-- randombytes@2.0.5
| +-- defined@1.0.0
| +-- deps-sort@2.0.0
| +-- domain-browser@1.1.7
| +-- duplexer2@0.1.4
| +-- events@1.1.1
| +-- glob@7.1.2
| | +-- fs.realpath@1.0.0
| | +-- inflight@1.0.6
| | | `-- wrappy@1.0.2
| | +-- minimatch@3.0.4
| | +-- once@1.4.0
| | `-- path-is-absolute@1.0.1
| +-- has@1.0.1
| | `-- function-bind@1.1.0
| +-- htmlescape@1.1.1
| +-- https-browserify@1.0.0
| +-- inherits@2.0.3
| +-- insert-module-globals@7.0.1
| | +-- is-buffer@1.1.5
| | `-- lexical-scope@1.2.0
| |   `-- astw@2.2.0
| +-- JSONStream@1.3.1
| | `-- jsonparse@1.3.1
| +-- labeled-stream-splicer@2.0.0
| | +-- isarray@0.0.1
| | `-- stream-splicer@2.0.0
| +-- module-deps@4.1.1
| | +-- detective@4.5.0
| | `-- stream-combiner2@1.1.1
| +-- os-browserify@0.1.2
| +-- parents@1.0.1
| | `-- path-platform@0.11.15
| +-- path-browserify@0.0.0
| +-- process@0.11.10
| +-- punycode@1.4.1
| +-- querystring-es3@0.2.1
| +-- read-only-stream@2.0.0
| +-- readable-stream@2.3.3
| | +-- core-util-is@1.0.2
| | +-- isarray@1.0.0
| | +-- process-nextick-args@1.0.7
| | +-- safe-buffer@5.1.1
| | `-- util-deprecate@1.0.2
| +-- resolve@1.3.3
| | `-- path-parse@1.0.5
| +-- shasum@1.0.2
| | +-- json-stable-stringify@0.0.1
| | `-- sha.js@2.4.8
| +-- shell-quote@1.6.1
| | +-- array-filter@0.0.1
| | +-- array-map@0.0.0
| | +-- array-reduce@0.0.0
| | `-- jsonify@0.0.0
| +-- stream-browserify@2.0.1
| +-- stream-http@2.7.2
| | +-- builtin-status-codes@3.0.0
| | `-- to-arraybuffer@1.0.1
| +-- string_decoder@1.0.3
| +-- subarg@1.0.0
| +-- syntax-error@1.3.0
| | `-- acorn@4.0.13
| +-- through2@2.0.3
| +-- timers-browserify@1.4.2
| +-- tty-browserify@0.0.0
| +-- url@0.11.0
| | +-- punycode@1.3.2
| | `-- querystring@0.2.0
| +-- util@0.10.3
| | `-- inherits@2.0.1
| +-- vm-browserify@0.0.4
| | `-- indexof@0.0.1
| `-- xtend@4.0.1
+-- coffee-reactify@4.0.0
| +-- coffee-react@4.1.0
| | +-- coffee-react-jstransform@1.0.0
| | +-- coffee-react-transform@3.3.0
| | `-- mkdirp@0.5.1
| |   `-- minimist@0.0.8
| +-- convert-source-map@0.3.5
| `-- through@2.3.8
+-- coffee-script@1.12.7
+-- config@1.26.1
| +-- json5@0.4.0
| `-- os-homedir@1.0.2
+-- espower-loader@1.0.1
| +-- convert-source-map@1.5.0
| +-- espower-source@1.2.0
| | +-- acorn-es7-plugin@1.1.7
| | +-- escodegen@1.8.1
| | | +-- esprima@2.7.3
| | | +-- estraverse@1.9.3
| | | +-- esutils@2.0.2
| | | +-- optionator@0.8.2
| | | | +-- deep-is@0.1.3
| | | | +-- fast-levenshtein@2.0.6
| | | | +-- levn@0.3.0
| | | | +-- prelude-ls@1.1.2
| | | | +-- type-check@0.3.2
| | | | `-- wordwrap@1.0.0
| | | `-- source-map@0.2.0
| | +-- espower@1.3.2
| | | +-- escallmatch@1.5.0
| | | | +-- call-matcher@1.0.1
| | | | | +-- core-js@2.4.1
| | | | | `-- estraverse@4.2.0
| | | | `-- esprima@2.7.3
| | | +-- espurify@1.7.0
| | | | `-- core-js@2.4.1
| | | +-- estraverse@4.2.0
| | | +-- is-url@1.2.2
| | | +-- isarray@0.0.1
| | | `-- type-name@1.1.0
| | `-- multi-stage-sourcemap@0.2.1
| |   `-- source-map@0.1.43
| +-- minimatch@3.0.4
| | `-- brace-expansion@1.1.8
| |   +-- balanced-match@1.0.0
| |   `-- concat-map@0.0.1
| `-- source-map-support@0.3.3
|   `-- source-map@0.1.32
|     `-- amdefine@1.0.1
+-- espowerify@1.0.0
+-- express@4.15.3
| +-- accepts@1.3.3
| | `-- negotiator@0.6.1
| +-- array-flatten@1.1.1
| +-- content-disposition@0.5.2
| +-- cookie@0.3.1
| +-- cookie-signature@1.0.6
| +-- encodeurl@1.0.1
| +-- escape-html@1.0.3
| +-- etag@1.8.0
| +-- finalhandler@1.0.3
| +-- fresh@0.5.0
| +-- merge-descriptors@1.0.1
| +-- methods@1.1.2
| +-- parseurl@1.3.1
| +-- path-to-regexp@0.1.7
| +-- proxy-addr@1.1.4
| | +-- forwarded@0.1.0
| | `-- ipaddr.js@1.3.0
| +-- range-parser@1.2.0
| +-- send@0.15.3
| | `-- destroy@1.0.4
| +-- serve-static@1.12.3
| +-- setprototypeof@1.0.3
| +-- statuses@1.3.1
| +-- utils-merge@1.0.0
| `-- vary@1.1.1
+-- gulp@3.9.1
| +-- archy@1.0.0
| +-- chalk@1.1.3
| | +-- ansi-styles@2.2.1
| | +-- escape-string-regexp@1.0.5
| | +-- has-ansi@2.0.0
| | | `-- ansi-regex@2.1.1
| | +-- strip-ansi@3.0.1
| | `-- supports-color@2.0.0
| +-- deprecated@0.0.1
| +-- gulp-util@3.0.8
| | +-- array-differ@1.0.0
| | +-- array-uniq@1.0.3
| | +-- beeper@1.1.1
| | +-- dateformat@2.0.0
| | +-- gulplog@1.0.0
| | | `-- glogg@1.0.0
| | +-- has-gulplog@0.1.0
| | | `-- sparkles@1.0.0
| | +-- lodash._reescape@3.0.0
| | +-- lodash._reevaluate@3.0.0
| | +-- lodash._reinterpolate@3.0.0
| | +-- lodash.template@3.6.2
| | | +-- lodash._basecopy@3.0.1
| | | +-- lodash._basetostring@3.0.1
| | | +-- lodash._basevalues@3.0.0
| | | +-- lodash._isiterateecall@3.0.9
| | | +-- lodash.escape@3.2.0
| | | | `-- lodash._root@3.0.1
| | | +-- lodash.restparam@3.6.1
| | | `-- lodash.templatesettings@3.1.1
| | +-- multipipe@0.1.2
| | | `-- duplexer2@0.0.2
| | |   `-- readable-stream@1.1.14
| | |     +-- isarray@0.0.1
| | |     `-- string_decoder@0.10.31
| | +-- object-assign@3.0.0
| | `-- vinyl@0.5.3
| |   +-- clone@1.0.2
| |   `-- clone-stats@0.0.1
| +-- interpret@1.0.3
| +-- liftoff@2.3.0
| | +-- extend@3.0.1
| | +-- findup-sync@0.4.3
| | | +-- detect-file@0.1.0
| | | | `-- fs-exists-sync@0.1.0
| | | +-- micromatch@2.3.11
| | | | +-- arr-diff@2.0.0
| | | | | `-- arr-flatten@1.1.0
| | | | +-- braces@1.8.5
| | | | | +-- expand-range@1.8.2
| | | | | | `-- fill-range@2.2.3
| | | | | |   +-- is-number@2.1.0
| | | | | |   `-- randomatic@1.1.7
| | | | | |     +-- is-number@3.0.0
| | | | | |     | `-- kind-of@3.2.2
| | | | | |     `-- kind-of@4.0.0
| | | | | +-- preserve@0.2.0
| | | | | `-- repeat-element@1.1.2
| | | | +-- expand-brackets@0.1.5
| | | | | `-- is-posix-bracket@0.1.1
| | | | +-- extglob@0.3.2
| | | | +-- filename-regex@2.0.1
| | | | +-- kind-of@3.2.2
| | | | +-- normalize-path@2.1.1
| | | | | `-- remove-trailing-separator@1.0.2
| | | | +-- object.omit@2.0.1
| | | | | +-- for-own@0.1.5
| | | | | `-- is-extendable@0.1.1
| | | | +-- parse-glob@3.0.4
| | | | | +-- glob-base@0.3.0
| | | | | `-- is-dotfile@1.0.3
| | | | `-- regex-cache@0.4.3
| | | |   +-- is-equal-shallow@0.1.3
| | | |   `-- is-primitive@2.0.0
| | | `-- resolve-dir@0.1.1
| | |   +-- expand-tilde@1.2.2
| | |   `-- global-modules@0.2.3
| | |     +-- global-prefix@0.1.5
| | |     | `-- ini@1.3.4
| | |     `-- is-windows@0.2.0
| | +-- fined@1.1.0
| | | +-- expand-tilde@2.0.2
| | | | `-- homedir-polyfill@1.0.1
| | | |   `-- parse-passwd@1.0.0
| | | +-- object.defaults@1.1.0
| | | | +-- array-each@1.0.1
| | | | +-- array-slice@1.0.0
| | | | +-- for-own@1.0.0
| | | | | `-- for-in@1.0.2
| | | | `-- isobject@3.0.1
| | | +-- object.pick@1.2.0
| | | `-- parse-filepath@1.0.1
| | |   +-- is-absolute@0.2.6
| | |   | `-- is-relative@0.2.1
| | |   |   `-- is-unc-path@0.1.2
| | |   |     `-- unc-path-regex@0.1.2
| | |   +-- map-cache@0.2.2
| | |   `-- path-root@0.1.1
| | |     `-- path-root-regex@0.1.2
| | +-- flagged-respawn@0.3.2
| | +-- lodash.isplainobject@4.0.6
| | +-- lodash.isstring@4.0.1
| | +-- lodash.mapvalues@4.6.0
| | `-- rechoir@0.6.2
| +-- minimist@1.2.0
| +-- orchestrator@0.3.8
| | +-- end-of-stream@0.1.5
| | | `-- once@1.3.3
| | +-- sequencify@0.0.7
| | `-- stream-consume@0.1.0
| +-- pretty-hrtime@1.0.3
| +-- semver@4.3.6
| +-- tildify@1.2.0
| +-- v8flags@2.1.1
| | `-- user-home@1.1.1
| `-- vinyl-fs@0.3.14
|   +-- defaults@1.0.3
|   +-- glob-stream@3.1.18
|   | +-- glob@4.5.3
|   | +-- glob2base@0.0.12
|   | | `-- find-index@0.1.1
|   | +-- minimatch@2.0.10
|   | +-- ordered-read-streams@0.1.0
|   | +-- through2@0.6.5
|   | | `-- readable-stream@1.0.34
|   | |   +-- isarray@0.0.1
|   | |   `-- string_decoder@0.10.31
|   | `-- unique-stream@1.0.0
|   +-- glob-watcher@0.0.6
|   | `-- gaze@0.5.2
|   |   `-- globule@0.1.0
|   |     +-- glob@3.1.21
|   |     | +-- graceful-fs@1.2.3
|   |     | `-- inherits@1.0.2
|   |     +-- lodash@1.0.2
|   |     `-- minimatch@0.2.14
|   +-- graceful-fs@3.0.11
|   | `-- natives@1.1.0
|   +-- strip-bom@1.0.0
|   | +-- first-chunk-stream@1.0.0
|   | `-- is-utf8@0.2.1
|   +-- through2@0.6.5
|   | `-- readable-stream@1.0.34
|   |   +-- isarray@0.0.1
|   |   `-- string_decoder@0.10.31
|   `-- vinyl@0.4.6
|     `-- clone@0.2.0
+-- gulp-coffee@2.3.4
| +-- merge@1.2.0
| `-- vinyl-sourcemaps-apply@0.2.1
+-- gulp-plumber@1.1.0
+-- gulp-pug@3.3.0
| +-- object-assign@4.1.1
| `-- pug@2.0.0-rc.2
|   +-- pug-code-gen@1.1.1
|   | +-- constantinople@3.1.0
|   | | +-- acorn@3.3.0
|   | | `-- is-expression@2.1.0
|   | |   `-- acorn@3.3.0
|   | +-- doctypes@1.1.0
|   | +-- js-stringify@1.0.2
|   | +-- pug-attrs@2.0.2
|   | +-- pug-error@1.3.2
|   | `-- with@5.1.1
|   |   +-- acorn@3.3.0
|   |   `-- acorn-globals@3.1.0
|   +-- pug-filters@2.1.3
|   | +-- clean-css@3.4.28
|   | | +-- commander@2.8.1
|   | | | `-- graceful-readlink@1.0.1
|   | | `-- source-map@0.4.4
|   | +-- jstransformer@1.0.0
|   | | `-- is-promise@2.1.0
|   | `-- pug-walk@1.1.3
|   +-- pug-lexer@3.1.0
|   | +-- character-parser@2.2.0
|   | | `-- is-regex@1.0.4
|   | `-- is-expression@3.0.0
|   +-- pug-linker@3.0.1
|   +-- pug-load@2.0.7
|   +-- pug-parser@3.0.0
|   | `-- token-stream@0.0.1
|   +-- pug-runtime@2.0.3
|   `-- pug-strip-comments@1.0.2
+-- gulp-rename@1.2.2
+-- gulp-stylus@2.6.0
| +-- accord@0.26.4
| | +-- glob@7.1.2
| | | `-- minimatch@3.0.4
| | +-- indx@0.2.3
| | +-- lodash.clone@4.5.0
| | +-- lodash.defaults@4.2.0
| | +-- lodash.flatten@4.4.0
| | +-- lodash.merge@4.6.0
| | +-- lodash.partialright@4.2.1
| | +-- lodash.pick@4.4.0
| | +-- lodash.uniq@4.5.0
| | +-- semver@5.3.0
| | +-- uglify-js@2.8.29
| | | `-- yargs@3.10.0
| | |   `-- window-size@0.1.0
| | `-- when@3.7.8
| +-- lodash.assign@3.2.0
| | +-- lodash._baseassign@3.2.0
| | +-- lodash._createassigner@3.1.1
| | | `-- lodash._bindcallback@3.0.1
| | `-- lodash.keys@3.1.2
| |   +-- lodash._getnative@3.9.1
| |   +-- lodash.isarguments@3.1.0
| |   `-- lodash.isarray@3.0.4
| +-- replace-ext@0.0.1
| `-- stylus@0.54.5
|   +-- css-parse@1.7.0
|   +-- glob@7.0.6
|   | `-- minimatch@3.0.4
|   +-- sax@0.5.8
|   `-- source-map@0.1.43
+-- gulp-uglify@1.5.4
| +-- deap@1.0.0
| +-- fancy-log@1.3.0
| | `-- time-stamp@1.1.0
| +-- isobject@2.1.0
| +-- uglify-js@2.6.4
| | +-- async@0.2.10
| | +-- uglify-to-browserify@1.0.2
| | `-- yargs@3.10.0
| |   +-- camelcase@1.2.1
| |   +-- cliui@2.1.0
| |   | +-- center-align@0.1.3
| |   | | +-- align-text@0.1.4
| |   | | | +-- longest@1.0.1
| |   | | | `-- repeat-string@1.6.1
| |   | | `-- lazy-cache@1.0.4
| |   | `-- right-align@0.1.3
| |   +-- decamelize@1.2.0
| |   `-- window-size@0.1.0
| `-- uglify-save-license@0.4.1
+-- gulp-watchify@0.7.0
| `-- deepmerge@1.5.0
+-- intelli-espower-loader@1.0.1
+-- karma@0.13.22
| +-- batch@0.5.3
| +-- bluebird@2.11.0
| +-- chokidar@1.7.0
| | +-- anymatch@1.3.0
| | | `-- arrify@1.0.1
| | +-- async-each@1.0.1
| | +-- UNMET OPTIONAL DEPENDENCY fsevents@^1.0.0
| | +-- glob-parent@2.0.0
| | +-- is-binary-path@1.0.1
| | | `-- binary-extensions@1.8.0
| | +-- is-glob@2.0.1
| | | `-- is-extglob@1.0.0
| | `-- readdirp@2.1.0
| |   +-- minimatch@3.0.4
| |   `-- set-immediate-shim@1.0.1
| +-- colors@1.1.2
| +-- connect@3.6.2
| +-- core-js@2.4.1
| +-- di@0.0.1
| +-- dom-serialize@2.2.1
| | +-- custom-event@1.0.1
| | +-- ent@2.2.0
| | `-- void-elements@2.0.1
| +-- expand-braces@0.1.2
| | +-- array-slice@0.2.3
| | +-- array-unique@0.2.1
| | `-- braces@0.1.5
| |   `-- expand-range@0.1.1
| |     +-- is-number@0.1.1
| |     `-- repeat-string@0.2.2
| +-- glob@7.1.2
| +-- graceful-fs@4.1.11
| +-- http-proxy@1.16.2
| | +-- eventemitter3@1.2.0
| | `-- requires-port@1.0.0
| +-- isbinaryfile@3.0.2
| +-- log4js@0.6.38
| | `-- readable-stream@1.0.34
| |   +-- isarray@0.0.1
| |   `-- string_decoder@0.10.31
| +-- mime@1.3.4
| +-- minimatch@3.0.4
| +-- optimist@0.6.1
| | +-- minimist@0.0.10
| | `-- wordwrap@0.0.2
| +-- rimraf@2.6.1
| | `-- glob@7.1.2
| |   `-- minimatch@3.0.4
| +-- socket.io@1.7.4
| | +-- debug@2.3.3
| | | `-- ms@0.7.2
| | +-- engine.io@1.8.4
| | | +-- base64id@1.0.0
| | | +-- debug@2.3.3
| | | | `-- ms@0.7.2
| | | +-- engine.io-parser@1.3.2
| | | | +-- after@0.8.2
| | | | +-- arraybuffer.slice@0.0.6
| | | | +-- base64-arraybuffer@0.1.5
| | | | +-- blob@0.0.4
| | | | `-- wtf-8@1.0.0
| | | `-- ws@1.1.4
| | |   +-- options@0.0.6
| | |   `-- ultron@1.0.2
| | +-- has-binary@0.1.7
| | | `-- isarray@0.0.1
| | +-- object-assign@4.1.0
| | +-- socket.io-adapter@0.5.0
| | | `-- debug@2.3.3
| | |   `-- ms@0.7.2
| | +-- socket.io-client@1.7.4
| | | +-- backo2@1.0.2
| | | +-- component-bind@1.0.0
| | | +-- component-emitter@1.2.1
| | | +-- debug@2.3.3
| | | | `-- ms@0.7.2
| | | +-- engine.io-client@1.8.4
| | | | +-- component-emitter@1.2.1
| | | | +-- component-inherit@0.0.3
| | | | +-- debug@2.3.3
| | | | | `-- ms@0.7.2
| | | | +-- has-cors@1.1.0
| | | | +-- parsejson@0.0.3
| | | | +-- parseqs@0.0.5
| | | | +-- ws@1.1.2
| | | | +-- xmlhttprequest-ssl@1.5.3
| | | | `-- yeast@0.1.2
| | | +-- object-component@0.0.3
| | | +-- parseuri@0.0.5
| | | | `-- better-assert@1.0.2
| | | |   `-- callsite@1.0.0
| | | `-- to-array@0.1.4
| | `-- socket.io-parser@2.3.1
| |   +-- component-emitter@1.1.2
| |   +-- debug@2.2.0
| |   | `-- ms@0.7.1
| |   +-- isarray@0.0.1
| |   `-- json3@3.3.2
| +-- source-map@0.5.6
| `-- useragent@2.2.1
|   +-- lru-cache@2.2.4
|   `-- tmp@0.0.31
|     `-- os-tmpdir@1.0.2
+-- karma-browserify@4.3.0
| +-- browserify@10.2.3
| | +-- assert@1.3.0
| | +-- browser-pack@5.0.1
| | | `-- combine-source-map@0.6.1
| | |   +-- convert-source-map@1.1.3
| | |   +-- inline-source-map@0.5.0
| | |   `-- source-map@0.4.4
| | +-- buffer@3.6.0
| | | +-- base64-js@0.0.8
| | | `-- isarray@1.0.0
| | +-- builtins@0.0.7
| | +-- commondir@0.0.1
| | +-- concat-stream@1.4.10
| | +-- constants-browserify@0.0.1
| | +-- deep-equal@1.0.1
| | +-- deps-sort@1.3.9
| | +-- duplexer2@0.0.2
| | +-- events@1.0.2
| | +-- glob@4.5.3
| | | `-- minimatch@2.0.10
| | +-- http-browserify@1.7.0
| | | `-- Base64@0.2.1
| | +-- https-browserify@0.0.1
| | +-- insert-module-globals@6.6.3
| | +-- isarray@0.0.1
| | +-- labeled-stream-splicer@1.0.2
| | | `-- stream-splicer@1.3.2
| | +-- module-deps@3.9.1
| | | `-- stream-combiner2@1.0.2
| | |   `-- through2@0.5.1
| | |     +-- readable-stream@1.0.34
| | |     `-- xtend@3.0.0
| | +-- read-only-stream@1.1.1
| | | `-- readable-wrap@1.0.0
| | |   `-- readable-stream@1.1.14
| | |     +-- isarray@0.0.1
| | |     `-- string_decoder@0.10.31
| | +-- readable-stream@1.1.14
| | +-- shell-quote@0.0.1
| | +-- stream-browserify@1.0.0
| | +-- string_decoder@0.10.31
| | +-- through2@1.1.1
| | `-- url@0.10.3
| |   `-- punycode@1.3.2
| +-- convert-source-map@0.3.5
| +-- hat@0.0.3
| +-- js-string-escape@1.0.1
| +-- lodash@2.4.2
| +-- minimatch@1.0.0
| | +-- lru-cache@2.7.3
| | `-- sigmund@1.0.1
| +-- os-shim@0.1.3
| `-- watchify@3.2.1
|   +-- browserify@10.2.6
|   | +-- assert@1.3.0
|   | +-- browser-pack@5.0.1
|   | | +-- combine-source-map@0.6.1
|   | | | +-- convert-source-map@1.1.3
|   | | | +-- inline-source-map@0.5.0
|   | | | `-- source-map@0.4.4
|   | | `-- through2@1.1.1
|   | +-- buffer@3.6.0
|   | | +-- base64-js@0.0.8
|   | | `-- isarray@1.0.0
|   | +-- concat-stream@1.4.10
|   | +-- constants-browserify@0.0.1
|   | +-- deps-sort@1.3.9
|   | | `-- through2@1.1.1
|   | +-- duplexer2@0.0.2
|   | +-- events@1.0.2
|   | +-- glob@4.5.3
|   | +-- https-browserify@0.0.1
|   | +-- insert-module-globals@6.6.3
|   | | `-- through2@1.1.1
|   | +-- isarray@0.0.1
|   | +-- labeled-stream-splicer@1.0.2
|   | | `-- stream-splicer@1.3.2
|   | |   `-- through2@1.1.1
|   | +-- module-deps@3.9.1
|   | | +-- stream-combiner2@1.0.2
|   | | | `-- through2@0.5.1
|   | | |   +-- readable-stream@1.0.34
|   | | |   `-- xtend@3.0.0
|   | | `-- through2@1.1.1
|   | +-- read-only-stream@1.1.1
|   | +-- readable-stream@1.1.14
|   | +-- shell-quote@0.0.1
|   | +-- stream-browserify@1.0.0
|   | +-- string_decoder@0.10.31
|   | +-- through2@1.1.1
|   | `-- url@0.10.3
|   |   `-- punycode@1.3.2
|   +-- outpipe@1.1.1
|   `-- through2@0.6.5
|     `-- readable-stream@1.0.34
+-- karma-chrome-launcher@0.2.3
| +-- fs-access@1.0.1
| | `-- null-check@1.0.0
| `-- which@1.2.14
|   `-- isexe@2.0.0
+-- karma-cli@0.1.2
+-- karma-mocha@0.2.2
+-- lodash@3.10.1
+-- mocha@2.3.4
| +-- commander@2.3.0
| +-- debug@2.2.0
| | `-- ms@0.7.1
| +-- diff@1.4.0
| +-- escape-string-regexp@1.0.2
| +-- glob@3.2.3
| | +-- graceful-fs@2.0.3
| | `-- minimatch@0.2.14
| +-- growl@1.8.1
| +-- jade@0.26.3
| | +-- commander@0.6.1
| | `-- mkdirp@0.3.0
| +-- mkdirp@0.5.0
| | `-- minimist@0.0.8
| `-- supports-color@1.2.0
+-- moment@2.18.1
+-- power-assert@1.0.1
| +-- empower@1.2.3
| | +-- core-js@2.4.1
| | `-- empower-core@0.6.2
| |   +-- call-signature@0.0.2
| |   `-- core-js@2.4.1
| `-- power-assert-formatter@1.4.1
|   +-- core-js@2.4.1
|   +-- power-assert-context-formatter@1.1.1
|   | +-- core-js@2.4.1
|   | `-- power-assert-context-traversal@1.1.1
|   |   +-- core-js@2.4.1
|   |   `-- estraverse@4.2.0
|   +-- power-assert-context-reducer-ast@1.1.2
|   | +-- core-js@2.4.1
|   | `-- estraverse@4.2.0
|   +-- power-assert-renderer-assertion@1.1.1
|   | +-- power-assert-renderer-base@1.1.1
|   | `-- power-assert-util-string-width@1.1.1
|   |   `-- eastasianwidth@0.1.1
|   +-- power-assert-renderer-comparison@1.1.1
|   | +-- core-js@2.4.1
|   | +-- diff-match-patch@1.0.0
|   | +-- stringifier@1.3.0
|   | | +-- core-js@2.4.1
|   | | +-- traverse@0.6.6
|   | | `-- type-name@2.0.2
|   | `-- type-name@2.0.2
|   +-- power-assert-renderer-diagram@1.1.2
|   | `-- core-js@2.4.1
|   `-- power-assert-renderer-file@1.1.1
+-- radium@0.14.3
| +-- array-find@1.0.0
| +-- babel@5.8.38
| | +-- babel-core@5.8.38
| | | +-- babel-plugin-constant-folding@1.0.1
| | | +-- babel-plugin-dead-code-elimination@1.0.2
| | | +-- babel-plugin-eval@1.0.1
| | | +-- babel-plugin-inline-environment-variables@1.0.1
| | | +-- babel-plugin-jscript@1.0.4
| | | +-- babel-plugin-member-expression-literals@1.0.1
| | | +-- babel-plugin-property-literals@1.0.1
| | | +-- babel-plugin-proto-to-assign@1.0.4
| | | +-- babel-plugin-react-constant-elements@1.0.3
| | | +-- babel-plugin-react-display-name@1.0.3
| | | +-- babel-plugin-remove-console@1.0.1
| | | +-- babel-plugin-remove-debugger@1.0.1
| | | +-- babel-plugin-runtime@1.0.7
| | | +-- babel-plugin-undeclared-variables-check@1.0.2
| | | | `-- leven@1.0.2
| | | +-- babel-plugin-undefined-to-void@1.1.6
| | | +-- babylon@5.8.38
| | | +-- detect-indent@3.0.1
| | | | `-- get-stdin@4.0.1
| | | +-- globals@6.4.1
| | | +-- home-or-tmp@1.0.0
| | | +-- is-integer@1.0.7
| | | | `-- is-finite@1.0.2
| | | |   `-- number-is-nan@1.0.1
| | | +-- js-tokens@1.0.1
| | | +-- private@0.1.7
| | | +-- regenerator@0.8.40
| | | | +-- commoner@0.10.8
| | | | | +-- q@1.5.0
| | | | | `-- recast@0.11.23
| | | | |   +-- ast-types@0.9.6
| | | | |   `-- esprima@3.1.3
| | | | +-- defs@1.1.1
| | | | | +-- alter@0.2.0
| | | | | | `-- stable@0.1.6
| | | | | +-- ast-traverse@0.1.1
| | | | | +-- breakable@1.0.0
| | | | | +-- simple-fmt@0.1.0
| | | | | +-- simple-is@0.2.0
| | | | | +-- stringmap@0.2.2
| | | | | +-- stringset@0.2.1
| | | | | +-- tryor@0.1.2
| | | | | `-- yargs@3.27.0
| | | | |   +-- os-locale@1.4.0
| | | | |   | `-- lcid@1.0.0
| | | | |   |   `-- invert-kv@1.0.0
| | | | |   +-- window-size@0.1.4
| | | | |   `-- y18n@3.2.1
| | | | +-- esprima-fb@15001.1001.0-dev-harmony-fb
| | | | `-- recast@0.10.33
| | | |   `-- ast-types@0.8.12
| | | +-- regexpu@1.3.0
| | | | +-- esprima@2.7.3
| | | | +-- regenerate@1.3.2
| | | | +-- regjsgen@0.2.0
| | | | `-- regjsparser@0.1.5
| | | |   `-- jsesc@0.5.0
| | | +-- repeating@1.1.3
| | | +-- shebang-regex@1.0.0
| | | +-- source-map-support@0.2.10
| | | | `-- source-map@0.1.32
| | | +-- to-fast-properties@1.0.3
| | | +-- trim-right@1.0.1
| | | `-- try-resolve@1.0.1
| | +-- commander@2.11.0
| | +-- fs-readdir-recursive@0.1.2
| | +-- glob@5.0.15
| | +-- output-file-sync@1.1.2
| | +-- path-exists@1.0.0
| | `-- slash@1.0.0
| +-- babel-plugin-flow-comments@1.0.9
| +-- exenv@1.2.2
| `-- is-plain-object@2.0.4
|   `-- isobject@3.0.1
+-- react@15.6.1
| +-- create-react-class@15.6.0
| +-- fbjs@0.8.12
| | +-- core-js@1.2.7
| | +-- isomorphic-fetch@2.2.1
| | | +-- node-fetch@1.7.1
| | | | +-- encoding@0.1.12
| | | | `-- is-stream@1.1.0
| | | `-- whatwg-fetch@2.0.3
| | +-- promise@7.3.1
| | | `-- asap@2.0.6
| | +-- setimmediate@1.0.5
| | `-- ua-parser-js@0.7.13
| +-- loose-envify@1.3.1
| | `-- js-tokens@3.0.2
| `-- prop-types@15.5.10
+-- react-dom@15.6.1
+-- react-modal@0.5.0
| `-- element-class@0.2.2
`-- serve-favicon@2.4.3
  +-- ms@2.0.0
  `-- safe-buffer@5.0.1

